[0m17:52:56.288046 [debug] [MainThread]: Sending event: {'category': 'dbt', 'action': 'invocation', 'label': 'start', 'context': [<snowplow_tracker.self_describing_json.SelfDescribingJson object at 0x000002755AB3FB10>, <snowplow_tracker.self_describing_json.SelfDescribingJson object at 0x000002755E38A0D0>, <snowplow_tracker.self_describing_json.SelfDescribingJson object at 0x000002755E38A090>]}


============================== 17:52:56.293517 | 2a4b7b83-0f01-4009-bae6-a6217c93127e ==============================
[0m17:52:56.293517 [info ] [MainThread]: Running with dbt=1.11.2
[0m17:52:56.295019 [debug] [MainThread]: running dbt with arguments {'version_check': 'True', 'no_print': 'None', 'static_parser': 'True', 'warn_error_options': 'WarnErrorOptionsV2(error=[], warn=[], silence=[])', 'target_path': 'None', 'printer_width': '80', 'write_json': 'True', 'introspect': 'True', 'log_cache_events': 'False', 'empty': 'None', 'cache_selected_only': 'False', 'log_format': 'default', 'debug': 'False', 'fail_fast': 'False', 'profiles_dir': 'C:\\Users\\Amroy\\.dbt', 'send_anonymous_usage_stats': 'True', 'quiet': 'False', 'warn_error': 'None', 'partial_parse': 'True', 'indirect_selection': 'eager', 'invocation_command': 'dbt init analytics_dbt', 'use_colors': 'True', 'use_experimental_parser': 'False', 'log_path': 'logs'}
[0m17:52:56.321759 [info ] [MainThread]: Creating dbt configuration folder at C:\Users\Amroy\.dbt
[0m17:52:56.324744 [debug] [MainThread]: Starter project path: D:\git\analytics-engineering-pipeline\.venv\Lib\site-packages\dbt\include\starter_project
[0m17:52:56.375268 [info ] [MainThread]: 
Your new dbt project "analytics_dbt" was created!

For more information on how to configure the profiles.yml file,
please consult the dbt documentation here:

  https://docs.getdbt.com/docs/configure-your-profile

One more thing:

Need help? Don't hesitate to reach out to us via GitHub issues or on Slack:

  https://community.getdbt.com/

Happy modeling!

[0m17:52:56.376282 [info ] [MainThread]: Setting up your profile.
[0m17:56:38.198398 [info ] [MainThread]: Profile analytics_dbt written to C:\Users\Amroy\.dbt\profiles.yml using target's profile_template.yml and your supplied values. Run 'dbt debug' to validate the connection.
[0m17:56:38.199370 [debug] [MainThread]: Command `dbt init` succeeded at 17:56:38.199370 after 222.00 seconds
[0m17:56:38.199370 [debug] [MainThread]: Sending event: {'category': 'dbt', 'action': 'invocation', 'label': 'end', 'context': [<snowplow_tracker.self_describing_json.SelfDescribingJson object at 0x000002755DFE5CD0>, <snowplow_tracker.self_describing_json.SelfDescribingJson object at 0x00000275576FB850>, <snowplow_tracker.self_describing_json.SelfDescribingJson object at 0x00000275576FBB50>]}
[0m17:56:38.200366 [debug] [MainThread]: Flushing usage events
[0m17:56:38.868072 [debug] [MainThread]: An error was encountered while trying to flush usage events
